<?xml version="1.0" encoding="UTF-8"?>
<!-- Generated by org.testng.reporters.JUnitReportReporter -->
<testsuite hostname="DESKTOP-8CJQLUR" failures="0" tests="1" name="GenymotionTest" time="0.000" errors="0" timestamp="2021-08-15T15:06:24 AST" skipped="1">
  <testcase classname="GenymotionTest" name="testCal" time="0.000">
    <skipped/>
  </testcase> <!-- testCal -->
  <system-out/>
</testsuite> <!-- GenymotionTest -->
